<?xml version="1.0" encoding="UTF-8"?>
<testsuite xmlns:xsi="http://www.w3.org/2001/XMLSchema-instance" xsi:noNamespaceSchemaLocation="https://maven.apache.org/surefire/maven-surefire-plugin/xsd/surefire-test-report-3.0.xsd" version="3.0" name="TestSuite" time="278.222" tests="5" errors="0" skipped="0" failures="0">
  <properties>
[...]
</properties>
  <testcase name="runScenario[&quot;Verify Search Bar Display&quot;, &quot;Home Page Functionality&quot;](1)" classname="runner.TestRunner1" time="38.944">
    <system-out><![CDATA[
Scenario: Verify Search Bar Display                                 &amp#27;[90m# src/test/resources/features/Homepage.feature:3&amp#27;[0m
  &amp#27;[32mGiven &amp#27;[0m&amp#27;[32mUser is on the Bookswagon home page&amp#27;[0m                         &amp#27;[90m# stepDefinitions.HomePageTest.user_is_on_the_bookswagon_home_page()&amp#27;[0m
  &amp#27;[32mThen &amp#27;[0m&amp#27;[32mSearch bar should be displayed&amp#27;[0m                               &amp#27;[90m# stepDefinitions.HomePageTest.search_bar_should_be_displayed()&amp#27;[0m
]]></system-out>
    <system-err><![CDATA[SLF4J(W): No SLF4J providers were found.
SLF4J(W): Defaulting to no-operation (NOP) logger implementation
SLF4J(W): See https://www.slf4j.org/codes.html#noProviders for further details.
Mar 19, 2025 5:32:42 PM org.openqa.selenium.devtools.CdpVersionFinder findNearestMatch
WARNING: Unable to find an exact match for CDP version 134, returning the closest version; found: 133; Please update to a Selenium version that supports CDP version 134
Mar 19, 2025 5:32:43 PM org.openqa.selenium.devtools.CdpVersionFinder findNearestMatch
WARNING: Unable to find an exact match for CDP version 134, returning the closest version; found: 133; Please update to a Selenium version that supports CDP version 134
Mar 19, 2025 5:33:18 PM org.openqa.selenium.remote.http.WebSocket$Listener onError
WARNING: Connection reset
java.net.SocketException: Connection reset
	at java.base/sun.nio.ch.SocketChannelImpl.throwConnectionReset(SocketChannelImpl.java:401)
	at java.base/sun.nio.ch.SocketChannelImpl.read(SocketChannelImpl.java:434)
	at java.net.http/jdk.internal.net.http.SocketTube.readAvailable(SocketTube.java:1178)
	at java.net.http/jdk.internal.net.http.SocketTube$InternalReadPublisher$InternalReadSubscription.read(SocketTube.java:841)
	at java.net.http/jdk.internal.net.http.SocketTube$SocketFlowTask.run(SocketTube.java:181)
	at java.net.http/jdk.internal.net.http.common.SequentialScheduler$SchedulableTask.run(SequentialScheduler.java:207)
	at java.net.http/jdk.internal.net.http.common.SequentialScheduler.runOrSchedule(SequentialScheduler.java:280)
	at java.net.http/jdk.internal.net.http.common.SequentialScheduler.runOrSchedule(SequentialScheduler.java:233)
	at java.net.http/jdk.internal.net.http.SocketTube$InternalReadPublisher$InternalReadSubscription.signalReadable(SocketTube.java:782)
	at java.net.http/jdk.internal.net.http.SocketTube$InternalReadPublisher$ReadEvent.signalEvent(SocketTube.java:965)
	at java.net.http/jdk.internal.net.http.SocketTube$SocketFlowEvent.handle(SocketTube.java:253)
	at java.net.http/jdk.internal.net.http.HttpClientImpl$SelectorManager.handleEvent(HttpClientImpl.java:1467)
	at java.net.http/jdk.internal.net.http.HttpClientImpl$SelectorManager.lambda$run$3(HttpClientImpl.java:1412)
	at java.base/java.util.ArrayList.forEach(ArrayList.java:1596)
	at java.net.http/jdk.internal.net.http.HttpClientImpl$SelectorManager.run(HttpClientImpl.java:1412)

]]></system-err>
  </testcase>
  <testcase name="runScenario[&quot;Validate product details and add to wishlist/cart&quot;, &quot;Product Details Page Validation and Actions&quot;](2)" classname="runner.TestRunner1" time="68.659">
    <system-out><![CDATA[  &amp#27;[32mWhen &amp#27;[0m&amp#27;[32mUser searches for Product &amp#27;[0m&amp#27;[32m&amp#27;[1m"JAVA THE COMPLETE REFERENCE, 13E"&amp#27;[0m &amp#27;[90m# stepDefinitions.HomePageTest.user_searches_for(java.lang.String)&amp#27;[0m

Scenario: Validate product details and add to wishlist/cart                                &amp#27;[90m# src/test/resources/features/productdetails.feature:3&amp#27;[0m
  &amp#27;[32mGiven &amp#27;[0m&amp#27;[32mUser is on the Bookswagon homepage&amp#27;[0m                                                 &amp#27;[90m# stepDefinitions.productdetails_test.user_is_on_the_bookswagon_homepage()&amp#27;[0m
Programming with Java | 7th Edition
prodduct description:Programming with Java | 7th Edition read more
price of the product is:₹585
product is :Available
  &amp#27;[32mWhen &amp#27;[0m&amp#27;[32mUser logs in with valid credentials &amp#27;[0m&amp#27;[32m&amp#27;[1m"8555825415"&amp#27;[0m&amp#27;[32m and &amp#27;[0m&amp#27;[32m&amp#27;[1m"Test@123"&amp#27;[0m                     &amp#27;[90m# stepDefinitions.productdetails_test.user_logs_in_with_valid_credentials(java.lang.String,java.lang.String)&amp#27;[0m
  &amp#27;[32mAnd &amp#27;[0m&amp#27;[32mUser searches for a product &amp#27;[0m&amp#27;[32m&amp#27;[1m"java"&amp#27;[0m&amp#27;[32mand clicks on product&amp#27;[0m                              &amp#27;[90m# stepDefinitions.productdetails_test.user_searches_for_a_product_and_clicks_on_product(java.lang.String)&amp#27;[0m
  &amp#27;[32mAnd &amp#27;[0m&amp#27;[32mUser should validate the product title, description, price, images, and availability&amp#27;[0m &amp#27;[90m# stepDefinitions.productdetails_test.user_should_validate_the_product_title_description_price_images_and_availability()&amp#27;[0m
  &amp#27;[32mWhen &amp#27;[0m&amp#27;[32mUser adds the p]]></system-out>
    <system-err><![CDATA[Mar 19, 2025 5:33:20 PM org.openqa.selenium.devtools.CdpVersionFinder findNearestMatch
WARNING: Unable to find an exact match for CDP version 134, returning the closest version; found: 133; Please update to a Selenium version that supports CDP version 134
]]></system-err>
  </testcase>
  <testcase name="runScenario[&quot;Search for a product and apply filters&quot;, &quot;Search Functionality&quot;](3)" classname="runner.TestRunner1" time="54.802">
    <system-out><![CDATA[roduct to the wishlist&amp#27;[0m                                               &amp#27;[90m# stepDefinitions.productdetails_test.user_adds_the_product_to_the_wishlist()&amp#27;[0m
  &amp#27;[32mWhen &amp#27;[0m&amp#27;[32mUser adds the product to the cart&amp#27;[0m                                                   &amp#27;[90m# stepDefinitions.productdetails_test.user_adds_the_product_to_the_cart()&amp#27;[0m
  &amp#27;[32mThen &amp#27;[0m&amp#27;[32mThe product should be added to the cart and wishlist successfully&amp#27;[0m                   &amp#27;[90m# stepDefinitions.productdetails_test.the_product_should_be_added_to_the_cart_and_wishlist_successfully()&amp#27;[0m
  &amp#27;[32mThen &amp#27;[0m&amp#27;[32muser should remove products&amp#27;[0m                                                         &amp#27;[90m# stepDefinitions.productdetails_test.remove_items()&amp#27;[0m

@SearchResultsTest
Scenario: Search]]></system-out>
    <system-err><![CDATA[Mar 19, 2025 5:34:28 PM org.openqa.selenium.devtools.CdpVersionFinder findNearestMatch
WARNING: Unable to find an exact match for CDP version 134, returning the closest version; found: 133; Please update to a Selenium version that supports CDP version 134
]]></system-err>
  </testcase>
  <testcase name="runScenario[&quot;Shopping cart action&quot;, &quot;Shopping Cart Basics&quot;](4)" classname="runner.TestRunner1" time="70.798">
    <system-out><![CDATA[ for a product and apply filters &amp#27;[90m# src/test/resources/features/searchfunctionality.feature:3&amp#27;[0m
  &amp#27;[32mGiven &amp#27;[0m&amp#27;[32mUser is on home page&amp#27;[0m                     &amp#27;[90m# stepDefinitions.SearchResultTest.userpage1()&amp#27;[0m
  &amp#27;[32mWhen &amp#27;[0m&amp#27;[32mUser searches for &amp#27;[0m&amp#27;[32m&amp#27;[1m"Java"&amp#27;[0m                  &amp#27;[90m# stepDefinitions.SearchResultTest.searchingproduct(java.lang.String)&amp#27;[0m
  &amp#27;[32mAnd &amp#27;[0m&amp#27;[32mUser applies filters&amp#27;[0m                       &amp#27;[90m# stepDefinitions.SearchResultTest.filters()&amp#27;[0m
  &amp#27;[32mThen &amp#27;[0m&amp#27;[32mSearch results should be displayed&amp#27;[0m        &amp#27;[90m# stepDefinitions.SearchResultTest.search_results()&amp#27;[0m

Scenario: Shopping cart action                                         &amp#27;[90m# src/test/resources/features/shoppingcart.feature:3&amp#27;[0m
  &amp#27;[32mGiven &amp#27;[0Account logged in succesfully.......
producct name is :java
adding products to the cart
Actual products in cart :3 And Exxpeccted Cart products are3
m&amp#27;[32muser is on the bookswagon page&amp#27;[0m                                 &amp#27;[90m# stepDefinitions.ShoppingCartTest.loginpage()&amp#27;[0m
  &amp#27;[32mWhen &amp#27;[0m&amp#27;[32muser enters valid credentials &amp#27;[0m&amp#27;[32m&amp#27;[1m"7286806073"&amp#27;[0m&amp#27;[32m and &amp#27;[0m&amp#27;[32m&amp#27;[1m"Test@123"&amp#27;[0m&amp#27;[32m login&amp#27;[0m &amp#27;[90m# stepDefinitions.ShoppingCartTest.Login_details(java.lang.String,java.lang.String)&amp#27;[0m
  &amp#27;[32mWhen &amp#27;[0m&amp#27;[32muser searches the product &amp#27;[0m&amp#27;[32m&amp#27;[1m"java"&amp#27;[0m                                &amp#27;[90m# stepDefinitions.ShoppingCartTest.product_searching(java.lang.String)&amp#27;[0m
  &amp#27;[32mWhen &amp#27;[0m&amp#27;[32muser Adds three products to cart&amp#27;[0m                                &amp#27;[90m# stepDefinitions.ShoppingCartTest.addproducts_gotocart()&amp#27;[0m
  &amp#27;[32mThen &amp#27;[0m&amp#27;[32muser should verify three products in the cart&amp#27;[0m                   &amp#27;product quantity updated.......
]]></system-out>
    <system-err><![CDATA[Mar 19, 2025 5:35:23 PM org.openqa.selenium.devtools.CdpVersionFinder findNearestMatch
WARNING: Unable to find an exact match for CDP version 134, returning the closest version; found: 133; Please update to a Selenium version that supports CDP version 134
]]></system-err>
  </testcase>
  <testcase name="runScenario[&quot;Automate the user registration process, login, and change password&quot;, &quot;User Registration and Login&quot;](5)" classname="runner.TestRunner1" time="44.195">
    <system-out><![CDATA[[90m# stepDefinitions.ShoppingCartTest.productsverification()&amp#27;[0m
  &amp#27;[32mWhen &amp#27;[0m&amp#27;[32muser should remove two products from cart&amp#27;[0m                       &amp#27;[90m# stepDefinitions.ShoppingCartTest.removingproducts()&amp#27;[0m
  &amp#27;[32mThen &amp#27;[0m&amp#27;[32muser should update quantity from cart&amp#27;[0m                           &amp#27;[90m# stepDefinitions.ShoppingCartTest.update_quantity()&amp#27;[0m
  &amp#27;[32mThen &amp#27;[0m&amp#27;[32muser should click onn check out&amp#27;[0m                                 &amp#27;[90m# stepDefinitions.ShoppingCartTest.checkoutprocess()&amp#27;[0m

@UserRegistrationTest
Scenario: Automate the user registration process, login, and change password &amp#27;[90m# src/test/resources/features/userlogin.feature:5&amp#27;[0m
  &amp#27;[32mGiven &amp#27;[0m&amp#27;[32mUser on homepage&amp#27;[0m                                                     &amp#27;[90m# stepDefinitions.UserRegistrationTest.user_on_homepage()&amp#27;[0m
  &amp#27;[32mWhen &amp#27;[0m&amp#27;[32mUser registers an account&amp#27;[0m                                             &amp#27;[90m# stepDefinitions.UserRegistrationTest.user_register()&amp#27;[0m
  &amp#27;[32mWhen &amp#27;[0m&amp#27;[32mUser logs in with mobile number &amp#27;[0m&amp#27;[32m&amp#27;[1m"8555825415"&amp#27;[0m&amp#27;[32m and password &amp#27;[0m&amp#27;[32m&amp#27;[1m"Test@123"&amp#27;[0m  &amp#27;[90m# stepDefinitions.UserRegistrationTest.userlogin(java.lang.String,java.lang.String)&amp#27;[0m
  &amp#27;[32mWhen &amp#27;[0m&amp#27;[32mUser changes the password &amp#27;[0m&amp#27;[32m&amp#27;[1m"Test@123"&amp#27;[0m&amp#27;[32m to &amp#27;[0m&amp#27;[32m&amp#27;[1m"Test@123"&amp#27;[0m                    &amp#27;[90m# stepDefinitions.UserRegistrationTest.password_Change(java.lang.String,java.lang.String)&amp#27;[0m
  &amp#27;[32mThen &amp#27;[0m&amp#27;[32mdisplays password changed successfully&amp#27;[0m                                &amp#27;[90m# stepDefiniti]]></system-out>
    <system-err><![CDATA[Mar 19, 2025 5:36:34 PM org.openqa.selenium.devtools.CdpVersionFinder findNearestMatch
WARNING: Unable to find an exact match for CDP version 134, returning the closest version; found: 133; Please update to a Selenium version that supports CDP version 134
]]></system-err>
  </testcase>
</testsuite>